<?xml version="1.0" encoding="UTF-8"?>
<testng-results skipped="0" failed="0" total="1" passed="1">
  <reporter-output>
  </reporter-output>
  <suite name="Default suite" duration-ms="43838" started-at="2019-04-05T06:27:49Z" finished-at="2019-04-05T06:28:33Z">
    <groups>
    </groups>
    <test name="Default test" duration-ms="43838" started-at="2019-04-05T06:27:49Z" finished-at="2019-04-05T06:28:33Z">
      <class name="GoogleHomePageTest">
        <test-method status="PASS" signature="HomePageTest()[pri:0, instance:GoogleHomePageTest@756e4d]" name="HomePageTest" duration-ms="43810" started-at="2019-04-05T11:57:49Z" finished-at="2019-04-05T11:58:33Z">
          <reporter-output>
          </reporter-output>
        </test-method> <!-- HomePageTest -->
      </class> <!-- GoogleHomePageTest -->
    </test> <!-- Default test -->
  </suite> <!-- Default suite -->
</testng-results>
